<?xml version="1.0" encoding="UTF-8"?>
<coverage generated="1640638917131" clover="3.2.0">
  <project timestamp="1640638917131" name="All files">
    <metrics statements="13" coveredstatements="13" conditionals="2" coveredconditionals="2" methods="8" coveredmethods="8" elements="23" coveredelements="23" complexity="0" loc="13" ncloc="13" packages="2" files="2" classes="2"/>
    <package name="middlewares">
      <metrics statements="5" coveredstatements="5" conditionals="2" coveredconditionals="2" methods="1" coveredmethods="1"/>
      <file name="VerifyIdMiddleware.js" path="F:\projetos\Projetos em Nodejs\stormtrooper_api\server\middlewares\VerifyIdMiddleware.js">
        <metrics statements="5" coveredstatements="5" conditionals="2" coveredconditionals="2" methods="1" coveredmethods="1"/>
        <line num="3" count="1" type="stmt"/>
        <line num="4" count="2" type="stmt"/>
        <line num="6" count="2" type="cond" truecount="2" falsecount="0"/>
        <line num="7" count="1" type="stmt"/>
        <line num="10" count="1" type="stmt"/>
      </file>
    </package>
    <package name="utils">
      <metrics statements="8" coveredstatements="8" conditionals="0" coveredconditionals="0" methods="7" coveredmethods="7"/>
      <file name="Util.js" path="F:\projetos\Projetos em Nodejs\stormtrooper_api\server\utils\Util.js">
        <metrics statements="8" coveredstatements="8" conditionals="0" coveredconditionals="0" methods="7" coveredmethods="7"/>
        <line num="1" count="1" type="stmt"/>
        <line num="2" count="5" type="stmt"/>
        <line num="3" count="15" type="stmt"/>
        <line num="4" count="9" type="stmt"/>
        <line num="7" count="1" type="stmt"/>
        <line num="9" count="24" type="stmt"/>
        <line num="13" count="3" type="stmt"/>
        <line num="16" count="10" type="stmt"/>
      </file>
    </package>
  </project>
</coverage>
