{"F:\\projetos\\Projetos em Nodejs\\stormtrooper_api\\server\\middlewares\\VerifyIdMiddleware.js": {"path":"F:\\projetos\\Projetos em Nodejs\\stormtrooper_api\\server\\middlewares\\VerifyIdMiddleware.js","statementMap":{"0":{"start":{"line":3,"column":27},"end":{"line":11,"column":1}},"1":{"start":{"line":4,"column":12},"end":{"line":4,"column":29}},"2":{"start":{"line":6,"column":1},"end":{"line":8,"column":2}},"3":{"start":{"line":7,"column":2},"end":{"line":7,"column":46}},"4":{"start":{"line":10,"column":1},"end":{"line":10,"column":8}}},"fnMap":{"0":{"name":"(anonymous_0)","decl":{"start":{"line":3,"column":27},"end":{"line":3,"column":28}},"loc":{"start":{"line":3,"column":56},"end":{"line":11,"column":1}},"line":3}},"branchMap":{"0":{"loc":{"start":{"line":6,"column":1},"end":{"line":8,"column":2}},"type":"if","locations":[{"start":{"line":6,"column":1},"end":{"line":8,"column":2}},{"start":{},"end":{}}],"line":6}},"s":{"0":1,"1":2,"2":2,"3":1,"4":1},"f":{"0":2},"b":{"0":[1,1]},"_coverageSchema":"1a1c01bbd47fc00a2c39e90264f33305004495a9","hash":"a1d74f256b1ca904814d84e525307b04a8b8fd37"}
,"F:\\projetos\\Projetos em Nodejs\\stormtrooper_api\\server\\utils\\Util.js": {"path":"F:\\projetos\\Projetos em Nodejs\\stormtrooper_api\\server\\utils\\Util.js","statementMap":{"0":{"start":{"line":1,"column":17},"end":{"line":5,"column":1}},"1":{"start":{"line":2,"column":1},"end":{"line":4,"column":27}},"2":{"start":{"line":3,"column":18},"end":{"line":3,"column":30}},"3":{"start":{"line":4,"column":20},"end":{"line":4,"column":25}},"4":{"start":{"line":7,"column":13},"end":{"line":14,"column":1}},"5":{"start":{"line":9,"column":2},"end":{"line":11,"column":17}},"6":{"start":{"line":13,"column":1},"end":{"line":13,"column":86}},"7":{"start":{"line":16,"column":21},"end":{"line":16,"column":76}},"8":{"start":{"line":16,"column":40},"end":{"line":16,"column":76}},"9":{"start":{"line":16,"column":59},"end":{"line":16,"column":75}}},"fnMap":{"0":{"name":"(anonymous_0)","decl":{"start":{"line":1,"column":17},"end":{"line":1,"column":18}},"loc":{"start":{"line":1,"column":26},"end":{"line":5,"column":1}},"line":1},"1":{"name":"(anonymous_1)","decl":{"start":{"line":3,"column":10},"end":{"line":3,"column":11}},"loc":{"start":{"line":3,"column":18},"end":{"line":3,"column":30}},"line":3},"2":{"name":"(anonymous_2)","decl":{"start":{"line":4,"column":10},"end":{"line":4,"column":11}},"loc":{"start":{"line":4,"column":20},"end":{"line":4,"column":25}},"line":4},"3":{"name":"(anonymous_3)","decl":{"start":{"line":7,"column":13},"end":{"line":7,"column":14}},"loc":{"start":{"line":7,"column":19},"end":{"line":14,"column":1}},"line":7},"4":{"name":"s4","decl":{"start":{"line":8,"column":10},"end":{"line":8,"column":12}},"loc":{"start":{"line":8,"column":15},"end":{"line":12,"column":2}},"line":8},"5":{"name":"(anonymous_5)","decl":{"start":{"line":16,"column":21},"end":{"line":16,"column":22}},"loc":{"start":{"line":16,"column":40},"end":{"line":16,"column":76}},"line":16},"6":{"name":"(anonymous_6)","decl":{"start":{"line":16,"column":51},"end":{"line":16,"column":52}},"loc":{"start":{"line":16,"column":59},"end":{"line":16,"column":75}},"line":16}},"branchMap":{},"s":{"0":1,"1":5,"2":15,"3":9,"4":1,"5":24,"6":3,"7":1,"8":2,"9":10},"f":{"0":5,"1":15,"2":9,"3":3,"4":24,"5":2,"6":10},"b":{},"_coverageSchema":"1a1c01bbd47fc00a2c39e90264f33305004495a9","hash":"111fcbbff9a417ef86c1731df4e6cb03465f6c93"}
}
