{"F:\\projetos\\Projetos em Nodejs\\stormtrooper_api\\server\\app.js": {"path":"F:\\projetos\\Projetos em Nodejs\\stormtrooper_api\\server\\app.js","statementMap":{"0":{"start":{"line":11,"column":18},"end":{"line":11,"column":75}},"1":{"start":{"line":13,"column":0},"end":{"line":13,"column":57}},"2":{"start":{"line":14,"column":16},"end":{"line":14,"column":71}},"3":{"start":{"line":15,"column":0},"end":{"line":15,"column":33}},"4":{"start":{"line":19,"column":12},"end":{"line":19,"column":21}},"5":{"start":{"line":20,"column":0},"end":{"line":20,"column":24}},"6":{"start":{"line":21,"column":0},"end":{"line":21,"column":48}},"7":{"start":{"line":22,"column":0},"end":{"line":22,"column":31}},"8":{"start":{"line":23,"column":0},"end":{"line":23,"column":48}},"9":{"start":{"line":24,"column":0},"end":{"line":28,"column":3}},"10":{"start":{"line":30,"column":0},"end":{"line":34,"column":3}},"11":{"start":{"line":31,"column":1},"end":{"line":31,"column":53}},"12":{"start":{"line":32,"column":1},"end":{"line":32,"column":99}},"13":{"start":{"line":33,"column":1},"end":{"line":33,"column":8}},"14":{"start":{"line":39,"column":0},"end":{"line":41,"column":3}},"15":{"start":{"line":40,"column":1},"end":{"line":40,"column":56}},"16":{"start":{"line":43,"column":0},"end":{"line":63,"column":3}},"17":{"start":{"line":45,"column":16},"end":{"line":57,"column":2}},"18":{"start":{"line":59,"column":1},"end":{"line":62,"column":4}},"19":{"start":{"line":65,"column":0},"end":{"line":65,"column":16}},"20":{"start":{"line":69,"column":0},"end":{"line":69,"column":28}},"21":{"start":{"line":70,"column":0},"end":{"line":70,"column":30}}},"fnMap":{"0":{"name":"(anonymous_0)","decl":{"start":{"line":30,"column":8},"end":{"line":30,"column":9}},"loc":{"start":{"line":30,"column":37},"end":{"line":34,"column":1}},"line":30},"1":{"name":"(anonymous_1)","decl":{"start":{"line":39,"column":13},"end":{"line":39,"column":14}},"loc":{"start":{"line":39,"column":36},"end":{"line":41,"column":1}},"line":39},"2":{"name":"(anonymous_2)","decl":{"start":{"line":43,"column":19},"end":{"line":43,"column":20}},"loc":{"start":{"line":43,"column":42},"end":{"line":63,"column":1}},"line":43}},"branchMap":{"0":{"loc":{"start":{"line":13,"column":23},"end":{"line":13,"column":56}},"type":"binary-expr","locations":[{"start":{"line":13,"column":23},"end":{"line":13,"column":50}},{"start":{"line":13,"column":54},"end":{"line":13,"column":56}}],"line":13}},"s":{"0":2,"1":2,"2":2,"3":2,"4":2,"5":2,"6":2,"7":2,"8":2,"9":2,"10":2,"11":2,"12":2,"13":2,"14":2,"15":1,"16":2,"17":0,"18":0,"19":2,"20":2,"21":2},"f":{"0":2,"1":1,"2":0},"b":{"0":[2,0]},"_coverageSchema":"1a1c01bbd47fc00a2c39e90264f33305004495a9","hash":"daabb5a4998c078363f8d121aac35240a8a364ac"}
,"F:\\projetos\\Projetos em Nodejs\\stormtrooper_api\\server\\config\\sequelize_mysql.js": {"path":"F:\\projetos\\Projetos em Nodejs\\stormtrooper_api\\server\\config\\sequelize_mysql.js","statementMap":{"0":{"start":{"line":3,"column":14},"end":{"line":6,"column":2}},"1":{"start":{"line":8,"column":0},"end":{"line":13,"column":1}},"2":{"start":{"line":9,"column":1},"end":{"line":9,"column":28}},"3":{"start":{"line":10,"column":1},"end":{"line":10,"column":62}},"4":{"start":{"line":12,"column":1},"end":{"line":12,"column":60}}},"fnMap":{},"branchMap":{},"s":{"0":2,"1":2,"2":2,"3":2,"4":0},"f":{},"b":{},"_coverageSchema":"1a1c01bbd47fc00a2c39e90264f33305004495a9","hash":"639da4b9d711ebec2684117ea8bba9ed4da7c6cb"}
,"F:\\projetos\\Projetos em Nodejs\\stormtrooper_api\\server\\controllers\\Authentication.js": {"path":"F:\\projetos\\Projetos em Nodejs\\stormtrooper_api\\server\\controllers\\Authentication.js","statementMap":{"0":{"start":{"line":5,"column":23},"end":{"line":17,"column":1}},"1":{"start":{"line":7,"column":30},"end":{"line":7,"column":42}},"2":{"start":{"line":8,"column":2},"end":{"line":14,"column":3}},"3":{"start":{"line":9,"column":17},"end":{"line":12,"column":29}},"4":{"start":{"line":13,"column":3},"end":{"line":13,"column":35}},"5":{"start":{"line":15,"column":2},"end":{"line":15,"column":41}}},"fnMap":{"0":{"name":"(anonymous_0)","decl":{"start":{"line":6,"column":1},"end":{"line":6,"column":2}},"loc":{"start":{"line":6,"column":38},"end":{"line":16,"column":2}},"line":6}},"branchMap":{"0":{"loc":{"start":{"line":8,"column":2},"end":{"line":14,"column":3}},"type":"if","locations":[{"start":{"line":8,"column":2},"end":{"line":14,"column":3}},{"start":{},"end":{}}],"line":8},"1":{"loc":{"start":{"line":8,"column":6},"end":{"line":8,"column":57}},"type":"binary-expr","locations":[{"start":{"line":8,"column":6},"end":{"line":8,"column":33}},{"start":{"line":8,"column":37},"end":{"line":8,"column":57}}],"line":8}},"s":{"0":2,"1":0,"2":0,"3":0,"4":0,"5":0},"f":{"0":0},"b":{"0":[0,0],"1":[0,0]},"_coverageSchema":"1a1c01bbd47fc00a2c39e90264f33305004495a9","hash":"2a65f55491645dd95265fdf4faab553e7a5202db"}
,"F:\\projetos\\Projetos em Nodejs\\stormtrooper_api\\server\\controllers\\Stormtrooper.js": {"path":"F:\\projetos\\Projetos em Nodejs\\stormtrooper_api\\server\\controllers\\Stormtrooper.js","statementMap":{"0":{"start":{"line":4,"column":27},"end":{"line":4,"column":31}},"1":{"start":{"line":6,"column":21},"end":{"line":32,"column":1}},"2":{"start":{"line":8,"column":22},"end":{"line":8,"column":35}},"3":{"start":{"line":9,"column":2},"end":{"line":11,"column":16}},"4":{"start":{"line":10,"column":19},"end":{"line":10,"column":40}},"5":{"start":{"line":14,"column":2},"end":{"line":17,"column":16}},"6":{"start":{"line":16,"column":19},"end":{"line":16,"column":52}},"7":{"start":{"line":20,"column":2},"end":{"line":22,"column":16}},"8":{"start":{"line":21,"column":19},"end":{"line":21,"column":40}},"9":{"start":{"line":25,"column":2},"end":{"line":26,"column":42}},"10":{"start":{"line":26,"column":19},"end":{"line":26,"column":40}},"11":{"start":{"line":29,"column":2},"end":{"line":30,"column":54}},"12":{"start":{"line":30,"column":19},"end":{"line":30,"column":52}}},"fnMap":{"0":{"name":"(anonymous_0)","decl":{"start":{"line":7,"column":1},"end":{"line":7,"column":2}},"loc":{"start":{"line":7,"column":32},"end":{"line":12,"column":2}},"line":7},"1":{"name":"(anonymous_1)","decl":{"start":{"line":10,"column":9},"end":{"line":10,"column":10}},"loc":{"start":{"line":10,"column":19},"end":{"line":10,"column":40}},"line":10},"2":{"name":"(anonymous_2)","decl":{"start":{"line":13,"column":1},"end":{"line":13,"column":2}},"loc":{"start":{"line":13,"column":32},"end":{"line":18,"column":2}},"line":13},"3":{"name":"(anonymous_3)","decl":{"start":{"line":16,"column":9},"end":{"line":16,"column":10}},"loc":{"start":{"line":16,"column":19},"end":{"line":16,"column":52}},"line":16},"4":{"name":"(anonymous_4)","decl":{"start":{"line":19,"column":1},"end":{"line":19,"column":2}},"loc":{"start":{"line":19,"column":33},"end":{"line":23,"column":2}},"line":19},"5":{"name":"(anonymous_5)","decl":{"start":{"line":21,"column":9},"end":{"line":21,"column":10}},"loc":{"start":{"line":21,"column":19},"end":{"line":21,"column":40}},"line":21},"6":{"name":"(anonymous_6)","decl":{"start":{"line":24,"column":1},"end":{"line":24,"column":2}},"loc":{"start":{"line":24,"column":31},"end":{"line":27,"column":2}},"line":24},"7":{"name":"(anonymous_7)","decl":{"start":{"line":26,"column":9},"end":{"line":26,"column":10}},"loc":{"start":{"line":26,"column":19},"end":{"line":26,"column":40}},"line":26},"8":{"name":"(anonymous_8)","decl":{"start":{"line":28,"column":1},"end":{"line":28,"column":2}},"loc":{"start":{"line":28,"column":31},"end":{"line":31,"column":2}},"line":28},"9":{"name":"(anonymous_9)","decl":{"start":{"line":30,"column":9},"end":{"line":30,"column":10}},"loc":{"start":{"line":30,"column":19},"end":{"line":30,"column":52}},"line":30}},"branchMap":{},"s":{"0":2,"1":2,"2":0,"3":0,"4":0,"5":0,"6":0,"7":0,"8":0,"9":0,"10":0,"11":0,"12":0},"f":{"0":0,"1":0,"2":0,"3":0,"4":0,"5":0,"6":0,"7":0,"8":0,"9":0},"b":{},"_coverageSchema":"1a1c01bbd47fc00a2c39e90264f33305004495a9","hash":"3b3a3e6f96acb7c79797831412971268bae0ce6b"}
,"F:\\projetos\\Projetos em Nodejs\\stormtrooper_api\\server\\middlewares\\HandleErrorMiddleware.js": {"path":"F:\\projetos\\Projetos em Nodejs\\stormtrooper_api\\server\\middlewares\\HandleErrorMiddleware.js","statementMap":{"0":{"start":{"line":1,"column":29},"end":{"line":13,"column":1}},"1":{"start":{"line":2,"column":1},"end":{"line":4,"column":2}},"2":{"start":{"line":3,"column":2},"end":{"line":3,"column":27}},"3":{"start":{"line":5,"column":1},"end":{"line":11,"column":5}},"4":{"start":{"line":12,"column":1},"end":{"line":12,"column":8}}},"fnMap":{"0":{"name":"(anonymous_0)","decl":{"start":{"line":1,"column":29},"end":{"line":1,"column":30}},"loc":{"start":{"line":1,"column":65},"end":{"line":13,"column":1}},"line":1}},"branchMap":{"0":{"loc":{"start":{"line":2,"column":1},"end":{"line":4,"column":2}},"type":"if","locations":[{"start":{"line":2,"column":1},"end":{"line":4,"column":2}},{"start":{},"end":{}}],"line":2},"1":{"loc":{"start":{"line":5,"column":17},"end":{"line":5,"column":36}},"type":"binary-expr","locations":[{"start":{"line":5,"column":17},"end":{"line":5,"column":29}},{"start":{"line":5,"column":33},"end":{"line":5,"column":36}}],"line":5},"2":{"loc":{"start":{"line":8,"column":12},"end":{"line":8,"column":31}},"type":"binary-expr","locations":[{"start":{"line":8,"column":12},"end":{"line":8,"column":24}},{"start":{"line":8,"column":28},"end":{"line":8,"column":31}}],"line":8},"3":{"loc":{"start":{"line":9,"column":13},"end":{"line":9,"column":53}},"type":"binary-expr","locations":[{"start":{"line":9,"column":13},"end":{"line":9,"column":26}},{"start":{"line":9,"column":30},"end":{"line":9,"column":53}}],"line":9}},"s":{"0":2,"1":1,"2":0,"3":1,"4":1},"f":{"0":1},"b":{"0":[0,1],"1":[1,0],"2":[1,0],"3":[1,0]},"_coverageSchema":"1a1c01bbd47fc00a2c39e90264f33305004495a9","hash":"ec81af2d93432ef1678e8ee3d13d1b4cdc139f33"}
,"F:\\projetos\\Projetos em Nodejs\\stormtrooper_api\\server\\middlewares\\NotFoundMiddleware.js": {"path":"F:\\projetos\\Projetos em Nodejs\\stormtrooper_api\\server\\middlewares\\NotFoundMiddleware.js","statementMap":{"0":{"start":{"line":1,"column":27},"end":{"line":5,"column":1}},"1":{"start":{"line":2,"column":11},"end":{"line":2,"column":33}},"2":{"start":{"line":3,"column":1},"end":{"line":3,"column":18}},"3":{"start":{"line":4,"column":1},"end":{"line":4,"column":11}}},"fnMap":{"0":{"name":"(anonymous_0)","decl":{"start":{"line":1,"column":27},"end":{"line":1,"column":28}},"loc":{"start":{"line":1,"column":56},"end":{"line":5,"column":1}},"line":1}},"branchMap":{},"s":{"0":2,"1":1,"2":1,"3":1},"f":{"0":1},"b":{},"_coverageSchema":"1a1c01bbd47fc00a2c39e90264f33305004495a9","hash":"38d32878d0e2ebbcb134c5af8ad106681619cd65"}
,"F:\\projetos\\Projetos em Nodejs\\stormtrooper_api\\server\\middlewares\\VerifyIdMiddleware.js": {"path":"F:\\projetos\\Projetos em Nodejs\\stormtrooper_api\\server\\middlewares\\VerifyIdMiddleware.js","statementMap":{"0":{"start":{"line":3,"column":27},"end":{"line":11,"column":1}},"1":{"start":{"line":4,"column":12},"end":{"line":4,"column":29}},"2":{"start":{"line":6,"column":1},"end":{"line":8,"column":2}},"3":{"start":{"line":7,"column":2},"end":{"line":7,"column":46}},"4":{"start":{"line":10,"column":1},"end":{"line":10,"column":8}}},"fnMap":{"0":{"name":"(anonymous_0)","decl":{"start":{"line":3,"column":27},"end":{"line":3,"column":28}},"loc":{"start":{"line":3,"column":56},"end":{"line":11,"column":1}},"line":3}},"branchMap":{"0":{"loc":{"start":{"line":6,"column":1},"end":{"line":8,"column":2}},"type":"if","locations":[{"start":{"line":6,"column":1},"end":{"line":8,"column":2}},{"start":{},"end":{}}],"line":6}},"s":{"0":3,"1":2,"2":2,"3":1,"4":1},"f":{"0":2},"b":{"0":[1,1]},"_coverageSchema":"1a1c01bbd47fc00a2c39e90264f33305004495a9","hash":"a1d74f256b1ca904814d84e525307b04a8b8fd37"}
,"F:\\projetos\\Projetos em Nodejs\\stormtrooper_api\\server\\models\\Division.js": {"path":"F:\\projetos\\Projetos em Nodejs\\stormtrooper_api\\server\\models\\Division.js","statementMap":{"0":{"start":{"line":4,"column":29},"end":{"line":4,"column":39}},"1":{"start":{"line":8,"column":0},"end":{"line":17,"column":3}}},"fnMap":{},"branchMap":{},"s":{"0":2,"1":2},"f":{},"b":{},"_coverageSchema":"1a1c01bbd47fc00a2c39e90264f33305004495a9","hash":"5bcaf84be4e9590358dae58e12af15d0eb5d0bf8"}
,"F:\\projetos\\Projetos em Nodejs\\stormtrooper_api\\server\\models\\Patent.js": {"path":"F:\\projetos\\Projetos em Nodejs\\stormtrooper_api\\server\\models\\Patent.js","statementMap":{"0":{"start":{"line":4,"column":29},"end":{"line":4,"column":39}},"1":{"start":{"line":8,"column":0},"end":{"line":17,"column":3}}},"fnMap":{},"branchMap":{},"s":{"0":2,"1":2},"f":{},"b":{},"_coverageSchema":"1a1c01bbd47fc00a2c39e90264f33305004495a9","hash":"60e9c7ca4400be6f16645463bd8f0fe7690ed49b"}
,"F:\\projetos\\Projetos em Nodejs\\stormtrooper_api\\server\\models\\Stormtrooper.js": {"path":"F:\\projetos\\Projetos em Nodejs\\stormtrooper_api\\server\\models\\Stormtrooper.js","statementMap":{"0":{"start":{"line":7,"column":29},"end":{"line":7,"column":39}},"1":{"start":{"line":11,"column":0},"end":{"line":31,"column":3}},"2":{"start":{"line":33,"column":0},"end":{"line":37,"column":3}},"3":{"start":{"line":39,"column":0},"end":{"line":43,"column":3}}},"fnMap":{},"branchMap":{},"s":{"0":2,"1":2,"2":2,"3":2},"f":{},"b":{},"_coverageSchema":"1a1c01bbd47fc00a2c39e90264f33305004495a9","hash":"7722311aaf677112cf49c3ca8c24cbcf52fc41ca"}
,"F:\\projetos\\Projetos em Nodejs\\stormtrooper_api\\server\\models\\Stormtrooper_Division.js": {"path":"F:\\projetos\\Projetos em Nodejs\\stormtrooper_api\\server\\models\\Stormtrooper_Division.js","statementMap":{"0":{"start":{"line":4,"column":29},"end":{"line":4,"column":39}},"1":{"start":{"line":8,"column":0},"end":{"line":22,"column":3}}},"fnMap":{},"branchMap":{},"s":{"0":2,"1":2},"f":{},"b":{},"_coverageSchema":"1a1c01bbd47fc00a2c39e90264f33305004495a9","hash":"736a0c7d01444c2ce86a7893bef0c08494854450"}
,"F:\\projetos\\Projetos em Nodejs\\stormtrooper_api\\server\\repositories\\Stormtrooper.js": {"path":"F:\\projetos\\Projetos em Nodejs\\stormtrooper_api\\server\\repositories\\Stormtrooper.js","statementMap":{"0":{"start":{"line":5,"column":21},"end":{"line":49,"column":1}},"1":{"start":{"line":7,"column":2},"end":{"line":7,"column":32}},"2":{"start":{"line":8,"column":22},"end":{"line":14,"column":7}},"3":{"start":{"line":15,"column":2},"end":{"line":22,"column":21}},"4":{"start":{"line":25,"column":2},"end":{"line":25,"column":34}},"5":{"start":{"line":28,"column":18},"end":{"line":28,"column":69}},"6":{"start":{"line":29,"column":19},"end":{"line":29,"column":55}},"7":{"start":{"line":30,"column":2},"end":{"line":30,"column":75}},"8":{"start":{"line":31,"column":2},"end":{"line":31,"column":17}},"9":{"start":{"line":34,"column":2},"end":{"line":42,"column":5}},"10":{"start":{"line":45,"column":2},"end":{"line":47,"column":5}}},"fnMap":{"0":{"name":"(anonymous_0)","decl":{"start":{"line":6,"column":1},"end":{"line":6,"column":2}},"loc":{"start":{"line":6,"column":25},"end":{"line":23,"column":2}},"line":6},"1":{"name":"(anonymous_1)","decl":{"start":{"line":24,"column":1},"end":{"line":24,"column":2}},"loc":{"start":{"line":24,"column":16},"end":{"line":26,"column":2}},"line":24},"2":{"name":"(anonymous_2)","decl":{"start":{"line":27,"column":1},"end":{"line":27,"column":2}},"loc":{"start":{"line":27,"column":58},"end":{"line":32,"column":2}},"line":27},"3":{"name":"(anonymous_3)","decl":{"start":{"line":33,"column":1},"end":{"line":33,"column":2}},"loc":{"start":{"line":33,"column":53},"end":{"line":43,"column":2}},"line":33},"4":{"name":"(anonymous_4)","decl":{"start":{"line":44,"column":1},"end":{"line":44,"column":2}},"loc":{"start":{"line":44,"column":22},"end":{"line":48,"column":2}},"line":44}},"branchMap":{"0":{"loc":{"start":{"line":6,"column":15},"end":{"line":6,"column":23}},"type":"default-arg","locations":[{"start":{"line":6,"column":22},"end":{"line":6,"column":23}}],"line":6},"1":{"loc":{"start":{"line":8,"column":22},"end":{"line":14,"column":7}},"type":"cond-expr","locations":[{"start":{"line":9,"column":5},"end":{"line":13,"column":4}},{"start":{"line":14,"column":5},"end":{"line":14,"column":7}}],"line":8}},"s":{"0":2,"1":0,"2":0,"3":0,"4":0,"5":0,"6":0,"7":0,"8":0,"9":0,"10":0},"f":{"0":0,"1":0,"2":0,"3":0,"4":0},"b":{"0":[0],"1":[0,0]},"_coverageSchema":"1a1c01bbd47fc00a2c39e90264f33305004495a9","hash":"926bcbff0e111a7c177f83e2180d3ed308ea0f35"}
,"F:\\projetos\\Projetos em Nodejs\\stormtrooper_api\\server\\routes\\authentication.js": {"path":"F:\\projetos\\Projetos em Nodejs\\stormtrooper_api\\server\\routes\\authentication.js","statementMap":{"0":{"start":{"line":4,"column":29},"end":{"line":4,"column":41}},"1":{"start":{"line":6,"column":0},"end":{"line":6,"column":54}}},"fnMap":{},"branchMap":{},"s":{"0":2,"1":2},"f":{},"b":{},"_coverageSchema":"1a1c01bbd47fc00a2c39e90264f33305004495a9","hash":"64841366ff46cdfdefa5d7fbe4b60af5ad41bcc5"}
,"F:\\projetos\\Projetos em Nodejs\\stormtrooper_api\\server\\routes\\index.js": {"path":"F:\\projetos\\Projetos em Nodejs\\stormtrooper_api\\server\\routes\\index.js","statementMap":{"0":{"start":{"line":8,"column":15},"end":{"line":8,"column":23}},"1":{"start":{"line":10,"column":0},"end":{"line":10,"column":34}},"2":{"start":{"line":11,"column":0},"end":{"line":18,"column":2}},"3":{"start":{"line":13,"column":2},"end":{"line":15,"column":3}},"4":{"start":{"line":14,"column":3},"end":{"line":14,"column":40}},"5":{"start":{"line":16,"column":2},"end":{"line":16,"column":27}},"6":{"start":{"line":20,"column":0},"end":{"line":23,"column":3}},"7":{"start":{"line":21,"column":1},"end":{"line":21,"column":61}},"8":{"start":{"line":22,"column":1},"end":{"line":22,"column":16}},"9":{"start":{"line":25,"column":0},"end":{"line":25,"column":39}},"10":{"start":{"line":26,"column":0},"end":{"line":26,"column":42}}},"fnMap":{"0":{"name":"(anonymous_0)","decl":{"start":{"line":12,"column":19},"end":{"line":12,"column":20}},"loc":{"start":{"line":12,"column":49},"end":{"line":17,"column":2}},"line":12},"1":{"name":"(anonymous_1)","decl":{"start":{"line":20,"column":27},"end":{"line":20,"column":28}},"loc":{"start":{"line":20,"column":50},"end":{"line":23,"column":1}},"line":20}},"branchMap":{"0":{"loc":{"start":{"line":13,"column":2},"end":{"line":15,"column":3}},"type":"if","locations":[{"start":{"line":13,"column":2},"end":{"line":15,"column":3}},{"start":{},"end":{}}],"line":13},"1":{"loc":{"start":{"line":13,"column":6},"end":{"line":13,"column":50}},"type":"binary-expr","locations":[{"start":{"line":13,"column":6},"end":{"line":13,"column":26}},{"start":{"line":13,"column":30},"end":{"line":13,"column":50}}],"line":13}},"s":{"0":2,"1":2,"2":2,"3":0,"4":0,"5":0,"6":2,"7":0,"8":0,"9":2,"10":2},"f":{"0":0,"1":0},"b":{"0":[0,0],"1":[0,0]},"_coverageSchema":"1a1c01bbd47fc00a2c39e90264f33305004495a9","hash":"0ecd8ef3053b9149e7ccc00dfaf078db09b637b2"}
,"F:\\projetos\\Projetos em Nodejs\\stormtrooper_api\\server\\routes\\troopers.js": {"path":"F:\\projetos\\Projetos em Nodejs\\stormtrooper_api\\server\\routes\\troopers.js","statementMap":{"0":{"start":{"line":5,"column":22},"end":{"line":5,"column":34}},"1":{"start":{"line":7,"column":0},"end":{"line":7,"column":40}},"2":{"start":{"line":8,"column":0},"end":{"line":8,"column":63}},"3":{"start":{"line":9,"column":0},"end":{"line":9,"column":43}},"4":{"start":{"line":10,"column":0},"end":{"line":10,"column":69}},"5":{"start":{"line":11,"column":0},"end":{"line":11,"column":72}}},"fnMap":{},"branchMap":{},"s":{"0":2,"1":2,"2":2,"3":2,"4":2,"5":2},"f":{},"b":{},"_coverageSchema":"1a1c01bbd47fc00a2c39e90264f33305004495a9","hash":"7c7125253434ba234ab5717be9a058426ef6d114"}
,"F:\\projetos\\Projetos em Nodejs\\stormtrooper_api\\server\\utils\\Util.js": {"path":"F:\\projetos\\Projetos em Nodejs\\stormtrooper_api\\server\\utils\\Util.js","statementMap":{"0":{"start":{"line":3,"column":17},"end":{"line":7,"column":1}},"1":{"start":{"line":4,"column":1},"end":{"line":6,"column":27}},"2":{"start":{"line":5,"column":18},"end":{"line":5,"column":30}},"3":{"start":{"line":6,"column":20},"end":{"line":6,"column":25}},"4":{"start":{"line":9,"column":13},"end":{"line":16,"column":1}},"5":{"start":{"line":11,"column":2},"end":{"line":13,"column":17}},"6":{"start":{"line":15,"column":1},"end":{"line":15,"column":86}},"7":{"start":{"line":18,"column":21},"end":{"line":18,"column":76}},"8":{"start":{"line":18,"column":40},"end":{"line":18,"column":76}},"9":{"start":{"line":18,"column":59},"end":{"line":18,"column":75}},"10":{"start":{"line":20,"column":23},"end":{"line":25,"column":1}},"11":{"start":{"line":21,"column":1},"end":{"line":23,"column":2}},"12":{"start":{"line":22,"column":2},"end":{"line":22,"column":47}},"13":{"start":{"line":24,"column":1},"end":{"line":24,"column":15}}},"fnMap":{"0":{"name":"(anonymous_0)","decl":{"start":{"line":3,"column":17},"end":{"line":3,"column":18}},"loc":{"start":{"line":3,"column":26},"end":{"line":7,"column":1}},"line":3},"1":{"name":"(anonymous_1)","decl":{"start":{"line":5,"column":10},"end":{"line":5,"column":11}},"loc":{"start":{"line":5,"column":18},"end":{"line":5,"column":30}},"line":5},"2":{"name":"(anonymous_2)","decl":{"start":{"line":6,"column":10},"end":{"line":6,"column":11}},"loc":{"start":{"line":6,"column":20},"end":{"line":6,"column":25}},"line":6},"3":{"name":"(anonymous_3)","decl":{"start":{"line":9,"column":13},"end":{"line":9,"column":14}},"loc":{"start":{"line":9,"column":19},"end":{"line":16,"column":1}},"line":9},"4":{"name":"s4","decl":{"start":{"line":10,"column":10},"end":{"line":10,"column":12}},"loc":{"start":{"line":10,"column":15},"end":{"line":14,"column":2}},"line":10},"5":{"name":"(anonymous_5)","decl":{"start":{"line":18,"column":21},"end":{"line":18,"column":22}},"loc":{"start":{"line":18,"column":40},"end":{"line":18,"column":76}},"line":18},"6":{"name":"(anonymous_6)","decl":{"start":{"line":18,"column":51},"end":{"line":18,"column":52}},"loc":{"start":{"line":18,"column":59},"end":{"line":18,"column":75}},"line":18},"7":{"name":"(anonymous_7)","decl":{"start":{"line":20,"column":23},"end":{"line":20,"column":24}},"loc":{"start":{"line":20,"column":35},"end":{"line":25,"column":1}},"line":20}},"branchMap":{"0":{"loc":{"start":{"line":21,"column":1},"end":{"line":23,"column":2}},"type":"if","locations":[{"start":{"line":21,"column":1},"end":{"line":23,"column":2}},{"start":{},"end":{}}],"line":21}},"s":{"0":3,"1":5,"2":15,"3":9,"4":3,"5":24,"6":3,"7":3,"8":2,"9":10,"10":3,"11":3,"12":2,"13":1},"f":{"0":5,"1":15,"2":9,"3":3,"4":24,"5":2,"6":10,"7":3},"b":{"0":[2,1]},"_coverageSchema":"1a1c01bbd47fc00a2c39e90264f33305004495a9","hash":"83815193a3518c8c0378161b2a4617c4ddca9954"}
}
