TN:
SF:server\middlewares\VerifyIdMiddleware.js
FN:3,(anonymous_0)
FNF:1
FNH:1
FNDA:2,(anonymous_0)
DA:3,1
DA:4,2
DA:6,2
DA:7,1
DA:10,1
LF:5
LH:5
BRDA:6,0,0,1
BRDA:6,0,1,1
BRF:2
BRH:2
end_of_record
TN:
SF:server\utils\Util.js
FN:3,(anonymous_0)
FN:5,(anonymous_1)
FN:6,(anonymous_2)
FN:9,(anonymous_3)
FN:10,s4
FN:18,(anonymous_5)
FN:18,(anonymous_6)
FN:20,(anonymous_7)
FNF:8
FNH:8
FNDA:5,(anonymous_0)
FNDA:15,(anonymous_1)
FNDA:9,(anonymous_2)
FNDA:3,(anonymous_3)
FNDA:24,s4
FNDA:2,(anonymous_5)
FNDA:10,(anonymous_6)
FNDA:3,(anonymous_7)
DA:3,1
DA:4,5
DA:5,15
DA:6,9
DA:9,1
DA:11,24
DA:15,3
DA:18,10
DA:20,1
DA:21,3
DA:22,2
DA:24,1
LF:12
LH:12
BRDA:21,0,0,2
BRDA:21,0,1,1
BRF:2
BRH:2
end_of_record
