TN:
SF:server\app.js
FN:30,(anonymous_0)
FN:39,(anonymous_1)
FN:43,(anonymous_2)
FNF:3
FNH:2
FNDA:2,(anonymous_0)
FNDA:1,(anonymous_1)
FNDA:0,(anonymous_2)
DA:11,2
DA:13,2
DA:14,2
DA:15,2
DA:19,2
DA:20,2
DA:21,2
DA:22,2
DA:23,2
DA:24,2
DA:30,2
DA:31,2
DA:32,2
DA:33,2
DA:39,2
DA:40,1
DA:43,2
DA:45,0
DA:59,0
DA:65,2
DA:69,2
DA:70,2
LF:22
LH:20
BRDA:13,0,0,2
BRDA:13,0,1,0
BRF:2
BRH:1
end_of_record
TN:
SF:server\config\sequelize_mysql.js
FNF:0
FNH:0
DA:3,2
DA:8,2
DA:9,2
DA:10,2
DA:12,0
LF:5
LH:4
BRF:0
BRH:0
end_of_record
TN:
SF:server\controllers\Authentication.js
FN:6,(anonymous_0)
FNF:1
FNH:0
FNDA:0,(anonymous_0)
DA:5,2
DA:7,0
DA:8,0
DA:9,0
DA:13,0
DA:15,0
LF:6
LH:1
BRDA:8,0,0,0
BRDA:8,0,1,0
BRDA:8,1,0,0
BRDA:8,1,1,0
BRF:4
BRH:0
end_of_record
TN:
SF:server\controllers\Stormtrooper.js
FN:7,(anonymous_0)
FN:10,(anonymous_1)
FN:13,(anonymous_2)
FN:16,(anonymous_3)
FN:19,(anonymous_4)
FN:21,(anonymous_5)
FN:24,(anonymous_6)
FN:26,(anonymous_7)
FN:28,(anonymous_8)
FN:30,(anonymous_9)
FNF:10
FNH:0
FNDA:0,(anonymous_0)
FNDA:0,(anonymous_1)
FNDA:0,(anonymous_2)
FNDA:0,(anonymous_3)
FNDA:0,(anonymous_4)
FNDA:0,(anonymous_5)
FNDA:0,(anonymous_6)
FNDA:0,(anonymous_7)
FNDA:0,(anonymous_8)
FNDA:0,(anonymous_9)
DA:4,2
DA:6,2
DA:8,0
DA:9,0
DA:10,0
DA:14,0
DA:16,0
DA:20,0
DA:21,0
DA:25,0
DA:26,0
DA:29,0
DA:30,0
LF:13
LH:2
BRF:0
BRH:0
end_of_record
TN:
SF:server\middlewares\HandleErrorMiddleware.js
FN:1,(anonymous_0)
FNF:1
FNH:1
FNDA:1,(anonymous_0)
DA:1,2
DA:2,1
DA:3,0
DA:5,1
DA:12,1
LF:5
LH:4
BRDA:2,0,0,0
BRDA:2,0,1,1
BRDA:5,1,0,1
BRDA:5,1,1,0
BRDA:8,2,0,1
BRDA:8,2,1,0
BRDA:9,3,0,1
BRDA:9,3,1,0
BRF:8
BRH:4
end_of_record
TN:
SF:server\middlewares\NotFoundMiddleware.js
FN:1,(anonymous_0)
FNF:1
FNH:1
FNDA:1,(anonymous_0)
DA:1,2
DA:2,1
DA:3,1
DA:4,1
LF:4
LH:4
BRF:0
BRH:0
end_of_record
TN:
SF:server\middlewares\VerifyIdMiddleware.js
FN:3,(anonymous_0)
FNF:1
FNH:1
FNDA:2,(anonymous_0)
DA:3,3
DA:4,2
DA:6,2
DA:7,1
DA:10,1
LF:5
LH:5
BRDA:6,0,0,1
BRDA:6,0,1,1
BRF:2
BRH:2
end_of_record
TN:
SF:server\models\Division.js
FNF:0
FNH:0
DA:4,2
DA:8,2
LF:2
LH:2
BRF:0
BRH:0
end_of_record
TN:
SF:server\models\Patent.js
FNF:0
FNH:0
DA:4,2
DA:8,2
LF:2
LH:2
BRF:0
BRH:0
end_of_record
TN:
SF:server\models\Stormtrooper.js
FNF:0
FNH:0
DA:7,2
DA:11,2
DA:33,2
DA:39,2
LF:4
LH:4
BRF:0
BRH:0
end_of_record
TN:
SF:server\models\Stormtrooper_Division.js
FNF:0
FNH:0
DA:4,2
DA:8,2
LF:2
LH:2
BRF:0
BRH:0
end_of_record
TN:
SF:server\repositories\Stormtrooper.js
FN:6,(anonymous_0)
FN:24,(anonymous_1)
FN:27,(anonymous_2)
FN:33,(anonymous_3)
FN:44,(anonymous_4)
FNF:5
FNH:0
FNDA:0,(anonymous_0)
FNDA:0,(anonymous_1)
FNDA:0,(anonymous_2)
FNDA:0,(anonymous_3)
FNDA:0,(anonymous_4)
DA:5,2
DA:7,0
DA:8,0
DA:15,0
DA:25,0
DA:28,0
DA:29,0
DA:30,0
DA:31,0
DA:34,0
DA:45,0
LF:11
LH:1
BRDA:6,0,0,0
BRDA:8,1,0,0
BRDA:8,1,1,0
BRF:3
BRH:0
end_of_record
TN:
SF:server\routes\authentication.js
FNF:0
FNH:0
DA:4,2
DA:6,2
LF:2
LH:2
BRF:0
BRH:0
end_of_record
TN:
SF:server\routes\index.js
FN:12,(anonymous_0)
FN:20,(anonymous_1)
FNF:2
FNH:0
FNDA:0,(anonymous_0)
FNDA:0,(anonymous_1)
DA:8,2
DA:10,2
DA:11,2
DA:13,0
DA:14,0
DA:16,0
DA:20,2
DA:21,0
DA:22,0
DA:25,2
DA:26,2
LF:11
LH:6
BRDA:13,0,0,0
BRDA:13,0,1,0
BRDA:13,1,0,0
BRDA:13,1,1,0
BRF:4
BRH:0
end_of_record
TN:
SF:server\routes\troopers.js
FNF:0
FNH:0
DA:5,2
DA:7,2
DA:8,2
DA:9,2
DA:10,2
DA:11,2
LF:6
LH:6
BRF:0
BRH:0
end_of_record
TN:
SF:server\utils\Util.js
FN:3,(anonymous_0)
FN:5,(anonymous_1)
FN:6,(anonymous_2)
FN:9,(anonymous_3)
FN:10,s4
FN:18,(anonymous_5)
FN:18,(anonymous_6)
FN:20,(anonymous_7)
FNF:8
FNH:8
FNDA:5,(anonymous_0)
FNDA:15,(anonymous_1)
FNDA:9,(anonymous_2)
FNDA:3,(anonymous_3)
FNDA:24,s4
FNDA:2,(anonymous_5)
FNDA:10,(anonymous_6)
FNDA:3,(anonymous_7)
DA:3,3
DA:4,5
DA:5,15
DA:6,9
DA:9,3
DA:11,24
DA:15,3
DA:18,10
DA:20,3
DA:21,3
DA:22,2
DA:24,1
LF:12
LH:12
BRDA:21,0,0,2
BRDA:21,0,1,1
BRF:2
BRH:2
end_of_record
